[osmium-app] 2021-07-26 09:52:56.058+0800 [main] INFO  c.n.a.o.OrganizationsApplication - Starting OrganizationsApplication using Java 1.8.0_151 on LAPTOP-8I9HV2QP with PID 19424 (E:\hp-km\appointment_workspace\target\classes started by Y7000 in E:\hp-km\appointment_workspace)
[osmium-app] 2021-07-26 09:52:56.062+0800 [main] INFO  c.n.a.o.OrganizationsApplication - The following profiles are active: prod
[osmium-app] 2021-07-26 09:52:57.426+0800 [main] INFO  o.s.d.r.c.RepositoryConfigurationDelegate - Multiple Spring Data modules found, entering strict repository configuration mode!
[osmium-app] 2021-07-26 09:52:57.430+0800 [main] INFO  o.s.d.r.c.RepositoryConfigurationDelegate - Bootstrapping Spring Data Redis repositories in DEFAULT mode.
[osmium-app] 2021-07-26 09:52:57.460+0800 [main] INFO  o.s.d.r.c.RepositoryConfigurationDelegate - Finished Spring Data repository scanning in 12 ms. Found 0 Redis repository interfaces.
[osmium-app] 2021-07-26 09:52:58.054+0800 [main] INFO  o.s.b.w.e.tomcat.TomcatWebServer - Tomcat initialized with port(s): 8080 (http)
[osmium-app] 2021-07-26 09:52:58.063+0800 [main] INFO  o.a.catalina.core.StandardService - Starting service [Tomcat]
[osmium-app] 2021-07-26 09:52:58.064+0800 [main] INFO  o.a.catalina.core.StandardEngine - Starting Servlet engine: [Apache Tomcat/9.0.50]
[osmium-app] 2021-07-26 09:52:58.205+0800 [main] INFO  o.a.c.c.C.[Tomcat].[localhost].[/] - Initializing Spring embedded WebApplicationContext
[osmium-app] 2021-07-26 09:52:58.205+0800 [main] INFO  o.s.b.w.s.c.ServletWebServerApplicationContext - Root WebApplicationContext: initialization completed in 2084 ms
[osmium-app] 2021-07-26 09:52:58.395+0800 [main] INFO  o.s.b.web.servlet.RegistrationBean - Servlet statViewServlet was not registered (possibly already registered?)
[osmium-app] 2021-07-26 09:52:58.464+0800 [main] WARN  o.s.b.w.s.c.AnnotationConfigServletWebServerApplicationContext - Exception encountered during context initialization - cancelling refresh attempt: org.springframework.beans.factory.BeanCreationException: Error creating bean with name 'baseHospitalController': Injection of resource dependencies failed; nested exception is org.springframework.beans.factory.BeanCreationException: Error creating bean with name 'baseHospitalService': Injection of resource dependencies failed; nested exception is org.springframework.beans.factory.NoSuchBeanDefinitionException: No qualifying bean of type 'com.neusoft.appointment.organizations.dao.BaseHospitalMapper' available: expected at least 1 bean which qualifies as autowire candidate. Dependency annotations: {@javax.annotation.Resource(shareable=true, lookup=, name=, description=, authenticationType=CONTAINER, type=class java.lang.Object, mappedName=)}
[osmium-app] 2021-07-26 09:52:58.466+0800 [main] INFO  o.a.catalina.core.StandardService - Stopping service [Tomcat]
[osmium-app] 2021-07-26 09:52:58.512+0800 [main] INFO  o.s.b.a.l.ConditionEvaluationReportLoggingListener - 

Error starting ApplicationContext. To display the conditions report re-run your application with 'debug' enabled.
[osmium-app] 2021-07-26 09:54:43.936+0800 [main] INFO  c.n.a.o.OrganizationsApplication - Starting OrganizationsApplication using Java 1.8.0_151 on LAPTOP-8I9HV2QP with PID 3104 (E:\hp-km\appointment_workspace\target\classes started by Y7000 in E:\hp-km\appointment_workspace)
[osmium-app] 2021-07-26 09:54:43.938+0800 [main] INFO  c.n.a.o.OrganizationsApplication - The following profiles are active: prod
[osmium-app] 2021-07-26 09:54:44.979+0800 [main] INFO  o.s.d.r.c.RepositoryConfigurationDelegate - Multiple Spring Data modules found, entering strict repository configuration mode!
[osmium-app] 2021-07-26 09:54:44.982+0800 [main] INFO  o.s.d.r.c.RepositoryConfigurationDelegate - Bootstrapping Spring Data Redis repositories in DEFAULT mode.
[osmium-app] 2021-07-26 09:54:45.011+0800 [main] INFO  o.s.d.r.c.RepositoryConfigurationDelegate - Finished Spring Data repository scanning in 13 ms. Found 0 Redis repository interfaces.
[osmium-app] 2021-07-26 09:54:45.602+0800 [main] INFO  o.s.b.w.e.tomcat.TomcatWebServer - Tomcat initialized with port(s): 8080 (http)
[osmium-app] 2021-07-26 09:54:45.619+0800 [main] INFO  o.a.catalina.core.StandardService - Starting service [Tomcat]
[osmium-app] 2021-07-26 09:54:45.619+0800 [main] INFO  o.a.catalina.core.StandardEngine - Starting Servlet engine: [Apache Tomcat/9.0.50]
[osmium-app] 2021-07-26 09:54:45.825+0800 [main] INFO  o.a.c.c.C.[Tomcat].[localhost].[/] - Initializing Spring embedded WebApplicationContext
[osmium-app] 2021-07-26 09:54:45.826+0800 [main] INFO  o.s.b.w.s.c.ServletWebServerApplicationContext - Root WebApplicationContext: initialization completed in 1852 ms
[osmium-app] 2021-07-26 09:54:46.143+0800 [main] INFO  o.s.b.web.servlet.RegistrationBean - Servlet statViewServlet was not registered (possibly already registered?)
[osmium-app] 2021-07-26 09:54:46.274+0800 [main] INFO  c.a.d.s.b.a.DruidDataSourceAutoConfigure - Init DruidDataSource
[osmium-app] 2021-07-26 09:54:46.529+0800 [main] WARN  o.s.b.w.s.c.AnnotationConfigServletWebServerApplicationContext - Exception encountered during context initialization - cancelling refresh attempt: org.springframework.beans.factory.BeanCreationException: Error creating bean with name 'baseHospitalController': Injection of resource dependencies failed; nested exception is org.springframework.beans.factory.BeanCreationException: Error creating bean with name 'baseHospitalService': Injection of resource dependencies failed; nested exception is org.springframework.beans.factory.UnsatisfiedDependencyException: Error creating bean with name 'baseHospitalMapper' defined in file [E:\hp-km\appointment_workspace\target\classes\com\neusoft\appointment\organizations\dao\BaseHospitalMapper.class]: Unsatisfied dependency expressed through bean property 'sqlSessionFactory'; nested exception is org.springframework.beans.factory.UnsatisfiedDependencyException: Error creating bean with name 'mybatisSqlSessionFactoryBean' defined in class path resource [com/neusoft/appointment/organizations/config/MybatisPlusConfig.class]: Unsatisfied dependency expressed through method 'mybatisSqlSessionFactoryBean' parameter 0; nested exception is org.springframework.beans.factory.BeanCreationException: Error creating bean with name 'dataSource' defined in class path resource [com/alibaba/druid/spring/boot/autoconfigure/DruidDataSourceAutoConfigure.class]: Invocation of init method failed; nested exception is org.springframework.boot.autoconfigure.jdbc.DataSourceProperties$DataSourceBeanCreationException: Failed to determine a suitable driver class
[osmium-app] 2021-07-26 09:54:46.535+0800 [main] INFO  o.a.catalina.core.StandardService - Stopping service [Tomcat]
[osmium-app] 2021-07-26 09:54:46.600+0800 [main] INFO  o.s.b.a.l.ConditionEvaluationReportLoggingListener - 

Error starting ApplicationContext. To display the conditions report re-run your application with 'debug' enabled.
[osmium-app] 2021-07-26 09:56:50.495+0800 [main] INFO  c.n.a.o.OrganizationsApplication - Starting OrganizationsApplication using Java 1.8.0_151 on LAPTOP-8I9HV2QP with PID 3616 (E:\hp-km\appointment_workspace\target\classes started by Y7000 in E:\hp-km\appointment_workspace)
[osmium-app] 2021-07-26 09:56:50.498+0800 [main] INFO  c.n.a.o.OrganizationsApplication - The following profiles are active: prod
[osmium-app] 2021-07-26 09:56:51.530+0800 [main] INFO  o.s.d.r.c.RepositoryConfigurationDelegate - Multiple Spring Data modules found, entering strict repository configuration mode!
[osmium-app] 2021-07-26 09:56:51.533+0800 [main] INFO  o.s.d.r.c.RepositoryConfigurationDelegate - Bootstrapping Spring Data Redis repositories in DEFAULT mode.
[osmium-app] 2021-07-26 09:56:51.561+0800 [main] INFO  o.s.d.r.c.RepositoryConfigurationDelegate - Finished Spring Data repository scanning in 12 ms. Found 0 Redis repository interfaces.
[osmium-app] 2021-07-26 09:56:52.091+0800 [main] INFO  o.s.b.w.e.tomcat.TomcatWebServer - Tomcat initialized with port(s): 8080 (http)
[osmium-app] 2021-07-26 09:56:52.100+0800 [main] INFO  o.a.catalina.core.StandardService - Starting service [Tomcat]
[osmium-app] 2021-07-26 09:56:52.100+0800 [main] INFO  o.a.catalina.core.StandardEngine - Starting Servlet engine: [Apache Tomcat/9.0.50]
[osmium-app] 2021-07-26 09:56:52.238+0800 [main] INFO  o.a.c.c.C.[Tomcat].[localhost].[/] - Initializing Spring embedded WebApplicationContext
[osmium-app] 2021-07-26 09:56:52.238+0800 [main] INFO  o.s.b.w.s.c.ServletWebServerApplicationContext - Root WebApplicationContext: initialization completed in 1702 ms
[osmium-app] 2021-07-26 09:56:52.409+0800 [main] INFO  o.s.b.web.servlet.RegistrationBean - Servlet statViewServlet was not registered (possibly already registered?)
[osmium-app] 2021-07-26 09:56:52.467+0800 [main] INFO  c.a.d.s.b.a.DruidDataSourceAutoConfigure - Init DruidDataSource
[osmium-app] 2021-07-26 09:56:52.544+0800 [main] WARN  o.s.b.w.s.c.AnnotationConfigServletWebServerApplicationContext - Exception encountered during context initialization - cancelling refresh attempt: org.springframework.beans.factory.BeanCreationException: Error creating bean with name 'baseHospitalController': Injection of resource dependencies failed; nested exception is org.springframework.beans.factory.BeanCreationException: Error creating bean with name 'baseHospitalService': Injection of resource dependencies failed; nested exception is org.springframework.beans.factory.UnsatisfiedDependencyException: Error creating bean with name 'baseHospitalMapper' defined in file [E:\hp-km\appointment_workspace\target\classes\com\neusoft\appointment\organizations\dao\BaseHospitalMapper.class]: Unsatisfied dependency expressed through bean property 'sqlSessionFactory'; nested exception is org.springframework.beans.factory.UnsatisfiedDependencyException: Error creating bean with name 'mybatisSqlSessionFactoryBean' defined in class path resource [com/neusoft/appointment/organizations/config/MybatisPlusConfig.class]: Unsatisfied dependency expressed through method 'mybatisSqlSessionFactoryBean' parameter 0; nested exception is org.springframework.beans.factory.BeanCreationException: Error creating bean with name 'dataSource' defined in class path resource [com/alibaba/druid/spring/boot/autoconfigure/DruidDataSourceAutoConfigure.class]: Invocation of init method failed; nested exception is org.springframework.boot.autoconfigure.jdbc.DataSourceProperties$DataSourceBeanCreationException: Failed to determine a suitable driver class
[osmium-app] 2021-07-26 09:56:52.547+0800 [main] INFO  o.a.catalina.core.StandardService - Stopping service [Tomcat]
[osmium-app] 2021-07-26 09:56:52.583+0800 [main] INFO  o.s.b.a.l.ConditionEvaluationReportLoggingListener - 

Error starting ApplicationContext. To display the conditions report re-run your application with 'debug' enabled.
[osmium-app] 2021-07-26 09:57:55.261+0800 [main] INFO  c.n.a.o.OrganizationsApplication - Starting OrganizationsApplication using Java 1.8.0_151 on LAPTOP-8I9HV2QP with PID 19504 (E:\hp-km\appointment_workspace\target\classes started by Y7000 in E:\hp-km\appointment_workspace)
[osmium-app] 2021-07-26 09:57:55.263+0800 [main] INFO  c.n.a.o.OrganizationsApplication - The following profiles are active: prod
[osmium-app] 2021-07-26 09:57:56.314+0800 [main] INFO  o.s.d.r.c.RepositoryConfigurationDelegate - Multiple Spring Data modules found, entering strict repository configuration mode!
[osmium-app] 2021-07-26 09:57:56.317+0800 [main] INFO  o.s.d.r.c.RepositoryConfigurationDelegate - Bootstrapping Spring Data Redis repositories in DEFAULT mode.
[osmium-app] 2021-07-26 09:57:56.349+0800 [main] INFO  o.s.d.r.c.RepositoryConfigurationDelegate - Finished Spring Data repository scanning in 12 ms. Found 0 Redis repository interfaces.
[osmium-app] 2021-07-26 09:57:56.897+0800 [main] INFO  o.s.b.w.e.tomcat.TomcatWebServer - Tomcat initialized with port(s): 8080 (http)
[osmium-app] 2021-07-26 09:57:56.905+0800 [main] INFO  o.a.catalina.core.StandardService - Starting service [Tomcat]
[osmium-app] 2021-07-26 09:57:56.906+0800 [main] INFO  o.a.catalina.core.StandardEngine - Starting Servlet engine: [Apache Tomcat/9.0.50]
[osmium-app] 2021-07-26 09:57:57.043+0800 [main] INFO  o.a.c.c.C.[Tomcat].[localhost].[/] - Initializing Spring embedded WebApplicationContext
[osmium-app] 2021-07-26 09:57:57.043+0800 [main] INFO  o.s.b.w.s.c.ServletWebServerApplicationContext - Root WebApplicationContext: initialization completed in 1742 ms
[osmium-app] 2021-07-26 09:57:57.214+0800 [main] INFO  o.s.b.web.servlet.RegistrationBean - Servlet statViewServlet was not registered (possibly already registered?)
[osmium-app] 2021-07-26 09:57:57.272+0800 [main] INFO  c.a.d.s.b.a.DruidDataSourceAutoConfigure - Init DruidDataSource
[osmium-app] 2021-07-26 09:57:57.347+0800 [main] WARN  o.s.b.w.s.c.AnnotationConfigServletWebServerApplicationContext - Exception encountered during context initialization - cancelling refresh attempt: org.springframework.beans.factory.BeanCreationException: Error creating bean with name 'baseHospitalController': Injection of resource dependencies failed; nested exception is org.springframework.beans.factory.BeanCreationException: Error creating bean with name 'baseHospitalService': Injection of resource dependencies failed; nested exception is org.springframework.beans.factory.UnsatisfiedDependencyException: Error creating bean with name 'baseHospitalMapper' defined in file [E:\hp-km\appointment_workspace\target\classes\com\neusoft\appointment\organizations\dao\BaseHospitalMapper.class]: Unsatisfied dependency expressed through bean property 'sqlSessionFactory'; nested exception is org.springframework.beans.factory.UnsatisfiedDependencyException: Error creating bean with name 'mybatisSqlSessionFactoryBean' defined in class path resource [com/neusoft/appointment/organizations/config/MybatisPlusConfig.class]: Unsatisfied dependency expressed through method 'mybatisSqlSessionFactoryBean' parameter 0; nested exception is org.springframework.beans.factory.BeanCreationException: Error creating bean with name 'dataSource' defined in class path resource [com/alibaba/druid/spring/boot/autoconfigure/DruidDataSourceAutoConfigure.class]: Invocation of init method failed; nested exception is org.springframework.boot.autoconfigure.jdbc.DataSourceProperties$DataSourceBeanCreationException: Failed to determine a suitable driver class
[osmium-app] 2021-07-26 09:57:57.350+0800 [main] INFO  o.a.catalina.core.StandardService - Stopping service [Tomcat]
[osmium-app] 2021-07-26 09:57:57.386+0800 [main] INFO  o.s.b.a.l.ConditionEvaluationReportLoggingListener - 

Error starting ApplicationContext. To display the conditions report re-run your application with 'debug' enabled.
[osmium-app] 2021-07-26 09:58:17.020+0800 [main] INFO  c.n.a.o.OrganizationsApplicationTests - Starting OrganizationsApplicationTests using Java 1.8.0_151 on LAPTOP-8I9HV2QP with PID 19216 (started by Y7000 in E:\hp-km\appointment_workspace)
[osmium-app] 2021-07-26 09:58:17.021+0800 [main] INFO  c.n.a.o.OrganizationsApplicationTests - The following profiles are active: prod
[osmium-app] 2021-07-26 09:58:18.222+0800 [main] INFO  o.s.d.r.c.RepositoryConfigurationDelegate - Multiple Spring Data modules found, entering strict repository configuration mode!
[osmium-app] 2021-07-26 09:58:18.226+0800 [main] INFO  o.s.d.r.c.RepositoryConfigurationDelegate - Bootstrapping Spring Data Redis repositories in DEFAULT mode.
[osmium-app] 2021-07-26 09:58:18.255+0800 [main] INFO  o.s.d.r.c.RepositoryConfigurationDelegate - Finished Spring Data repository scanning in 14 ms. Found 0 Redis repository interfaces.
[osmium-app] 2021-07-26 09:58:19.033+0800 [main] INFO  c.a.d.s.b.a.DruidDataSourceAutoConfigure - Init DruidDataSource
[osmium-app] 2021-07-26 09:58:19.164+0800 [main] WARN  o.s.w.c.s.GenericWebApplicationContext - Exception encountered during context initialization - cancelling refresh attempt: org.springframework.beans.factory.BeanCreationException: Error creating bean with name 'baseHospitalController': Injection of resource dependencies failed; nested exception is org.springframework.beans.factory.BeanCreationException: Error creating bean with name 'baseHospitalService': Injection of resource dependencies failed; nested exception is org.springframework.beans.factory.UnsatisfiedDependencyException: Error creating bean with name 'baseHospitalMapper' defined in file [E:\hp-km\appointment_workspace\target\classes\com\neusoft\appointment\organizations\dao\BaseHospitalMapper.class]: Unsatisfied dependency expressed through bean property 'sqlSessionFactory'; nested exception is org.springframework.beans.factory.UnsatisfiedDependencyException: Error creating bean with name 'mybatisSqlSessionFactoryBean' defined in class path resource [com/neusoft/appointment/organizations/config/MybatisPlusConfig.class]: Unsatisfied dependency expressed through method 'mybatisSqlSessionFactoryBean' parameter 0; nested exception is org.springframework.beans.factory.BeanCreationException: Error creating bean with name 'dataSource' defined in class path resource [com/alibaba/druid/spring/boot/autoconfigure/DruidDataSourceAutoConfigure.class]: Invocation of init method failed; nested exception is org.springframework.boot.autoconfigure.jdbc.DataSourceProperties$DataSourceBeanCreationException: Failed to determine a suitable driver class
[osmium-app] 2021-07-26 09:58:19.179+0800 [main] INFO  o.s.b.a.l.ConditionEvaluationReportLoggingListener - 

Error starting ApplicationContext. To display the conditions report re-run your application with 'debug' enabled.
