[doctor-atomic-service] 2021-07-26 09:58:49.246+0800 [main] INFO  c.n.a.o.OrganizationsApplication - Starting OrganizationsApplication using Java 1.8.0_151 on LAPTOP-8I9HV2QP with PID 9648 (E:\hp-km\appointment_workspace\target\classes started by Y7000 in E:\hp-km\appointment_workspace)
[doctor-atomic-service] 2021-07-26 09:58:49.249+0800 [main] INFO  c.n.a.o.OrganizationsApplication - The following profiles are active: prod
[doctor-atomic-service] 2021-07-26 09:58:50.307+0800 [main] INFO  o.s.d.r.c.RepositoryConfigurationDelegate - Multiple Spring Data modules found, entering strict repository configuration mode!
[doctor-atomic-service] 2021-07-26 09:58:50.310+0800 [main] INFO  o.s.d.r.c.RepositoryConfigurationDelegate - Bootstrapping Spring Data Redis repositories in DEFAULT mode.
[doctor-atomic-service] 2021-07-26 09:58:50.338+0800 [main] INFO  o.s.d.r.c.RepositoryConfigurationDelegate - Finished Spring Data repository scanning in 12 ms. Found 0 Redis repository interfaces.
[doctor-atomic-service] 2021-07-26 09:58:50.894+0800 [main] INFO  o.s.b.w.e.tomcat.TomcatWebServer - Tomcat initialized with port(s): 8085 (http)
[doctor-atomic-service] 2021-07-26 09:58:50.903+0800 [main] INFO  o.a.catalina.core.StandardService - Starting service [Tomcat]
[doctor-atomic-service] 2021-07-26 09:58:50.903+0800 [main] INFO  o.a.catalina.core.StandardEngine - Starting Servlet engine: [Apache Tomcat/9.0.50]
[doctor-atomic-service] 2021-07-26 09:58:51.079+0800 [main] INFO  o.a.c.c.C.[Tomcat].[localhost].[/] - Initializing Spring embedded WebApplicationContext
[doctor-atomic-service] 2021-07-26 09:58:51.079+0800 [main] INFO  o.s.b.w.s.c.ServletWebServerApplicationContext - Root WebApplicationContext: initialization completed in 1795 ms
[doctor-atomic-service] 2021-07-26 09:58:51.186+0800 [main] INFO  o.s.b.web.servlet.RegistrationBean - Servlet statViewServlet was not registered (possibly already registered?)
[doctor-atomic-service] 2021-07-26 09:58:51.245+0800 [main] INFO  c.a.d.s.b.a.DruidDataSourceAutoConfigure - Init DruidDataSource
[doctor-atomic-service] 2021-07-26 09:59:12.477+0800 [main] INFO  c.alibaba.druid.pool.DruidDataSource - {dataSource-1} inited
[doctor-atomic-service] 2021-07-26 09:59:12.488+0800 [main] WARN  o.s.b.w.s.c.AnnotationConfigServletWebServerApplicationContext - Exception encountered during context initialization - cancelling refresh attempt: org.springframework.beans.factory.BeanCreationException: Error creating bean with name 'baseHospitalController': Injection of resource dependencies failed; nested exception is org.springframework.beans.factory.BeanCreationException: Error creating bean with name 'baseHospitalService': Injection of resource dependencies failed; nested exception is org.springframework.beans.factory.UnsatisfiedDependencyException: Error creating bean with name 'baseHospitalMapper' defined in file [E:\hp-km\appointment_workspace\target\classes\com\neusoft\appointment\organizations\dao\BaseHospitalMapper.class]: Unsatisfied dependency expressed through bean property 'sqlSessionFactory'; nested exception is org.springframework.beans.factory.UnsatisfiedDependencyException: Error creating bean with name 'mybatisSqlSessionFactoryBean' defined in class path resource [com/neusoft/appointment/organizations/config/MybatisPlusConfig.class]: Unsatisfied dependency expressed through method 'mybatisSqlSessionFactoryBean' parameter 0; nested exception is org.springframework.beans.factory.BeanCreationException: Error creating bean with name 'dataSource' defined in class path resource [com/alibaba/druid/spring/boot/autoconfigure/DruidDataSourceAutoConfigure.class]: Invocation of init method failed; nested exception is java.sql.SQLRecoverableException: IO 错误: The Network Adapter could not establish the connection
[doctor-atomic-service] 2021-07-26 09:59:12.493+0800 [main] INFO  o.a.catalina.core.StandardService - Stopping service [Tomcat]
[doctor-atomic-service] 2021-07-26 09:59:12.524+0800 [main] INFO  o.s.b.a.l.ConditionEvaluationReportLoggingListener - 

Error starting ApplicationContext. To display the conditions report re-run your application with 'debug' enabled.
[doctor-atomic-service] 2021-07-26 09:59:56.217+0800 [main] INFO  c.n.a.o.OrganizationsApplication - Starting OrganizationsApplication using Java 1.8.0_151 on LAPTOP-8I9HV2QP with PID 2884 (E:\hp-km\appointment_workspace\target\classes started by Y7000 in E:\hp-km\appointment_workspace)
[doctor-atomic-service] 2021-07-26 09:59:56.220+0800 [main] INFO  c.n.a.o.OrganizationsApplication - The following profiles are active: prod
[doctor-atomic-service] 2021-07-26 09:59:57.244+0800 [main] INFO  o.s.d.r.c.RepositoryConfigurationDelegate - Multiple Spring Data modules found, entering strict repository configuration mode!
[doctor-atomic-service] 2021-07-26 09:59:57.247+0800 [main] INFO  o.s.d.r.c.RepositoryConfigurationDelegate - Bootstrapping Spring Data Redis repositories in DEFAULT mode.
[doctor-atomic-service] 2021-07-26 09:59:57.274+0800 [main] INFO  o.s.d.r.c.RepositoryConfigurationDelegate - Finished Spring Data repository scanning in 12 ms. Found 0 Redis repository interfaces.
[doctor-atomic-service] 2021-07-26 09:59:57.823+0800 [main] INFO  o.s.b.w.e.tomcat.TomcatWebServer - Tomcat initialized with port(s): 8085 (http)
[doctor-atomic-service] 2021-07-26 09:59:57.834+0800 [main] INFO  o.a.catalina.core.StandardService - Starting service [Tomcat]
[doctor-atomic-service] 2021-07-26 09:59:57.834+0800 [main] INFO  o.a.catalina.core.StandardEngine - Starting Servlet engine: [Apache Tomcat/9.0.50]
[doctor-atomic-service] 2021-07-26 09:59:58.032+0800 [main] INFO  o.a.c.c.C.[Tomcat].[localhost].[/] - Initializing Spring embedded WebApplicationContext
[doctor-atomic-service] 2021-07-26 09:59:58.032+0800 [main] INFO  o.s.b.w.s.c.ServletWebServerApplicationContext - Root WebApplicationContext: initialization completed in 1777 ms
[doctor-atomic-service] 2021-07-26 09:59:58.155+0800 [main] INFO  o.s.b.web.servlet.RegistrationBean - Servlet statViewServlet was not registered (possibly already registered?)
[doctor-atomic-service] 2021-07-26 09:59:58.214+0800 [main] INFO  c.a.d.s.b.a.DruidDataSourceAutoConfigure - Init DruidDataSource
[doctor-atomic-service] 2021-07-26 10:00:19.430+0800 [main] INFO  c.alibaba.druid.pool.DruidDataSource - {dataSource-1} inited
[doctor-atomic-service] 2021-07-26 10:00:19.438+0800 [main] WARN  o.s.b.w.s.c.AnnotationConfigServletWebServerApplicationContext - Exception encountered during context initialization - cancelling refresh attempt: org.springframework.beans.factory.BeanCreationException: Error creating bean with name 'baseHospitalController': Injection of resource dependencies failed; nested exception is org.springframework.beans.factory.BeanCreationException: Error creating bean with name 'baseHospitalService': Injection of resource dependencies failed; nested exception is org.springframework.beans.factory.UnsatisfiedDependencyException: Error creating bean with name 'baseHospitalMapper' defined in file [E:\hp-km\appointment_workspace\target\classes\com\neusoft\appointment\organizations\dao\BaseHospitalMapper.class]: Unsatisfied dependency expressed through bean property 'sqlSessionFactory'; nested exception is org.springframework.beans.factory.UnsatisfiedDependencyException: Error creating bean with name 'mybatisSqlSessionFactoryBean' defined in class path resource [com/neusoft/appointment/organizations/config/MybatisPlusConfig.class]: Unsatisfied dependency expressed through method 'mybatisSqlSessionFactoryBean' parameter 0; nested exception is org.springframework.beans.factory.BeanCreationException: Error creating bean with name 'dataSource' defined in class path resource [com/alibaba/druid/spring/boot/autoconfigure/DruidDataSourceAutoConfigure.class]: Invocation of init method failed; nested exception is java.sql.SQLRecoverableException: IO 错误: The Network Adapter could not establish the connection
[doctor-atomic-service] 2021-07-26 10:00:19.441+0800 [main] INFO  o.a.catalina.core.StandardService - Stopping service [Tomcat]
[doctor-atomic-service] 2021-07-26 10:00:19.455+0800 [main] INFO  o.s.b.a.l.ConditionEvaluationReportLoggingListener - 

Error starting ApplicationContext. To display the conditions report re-run your application with 'debug' enabled.
